[2025-03-21 12:52:35] 开始修复文章ID为4...
[2025-03-21 12:52:36] 成功导入应用模块
[2025-03-21 12:52:36] 找到ID为4的文章: 基于AI的DevOps助手的设计与开发需求说明书
[2025-03-21 12:52:36] 文章状态: PostStatus.PUBLISHED
[2025-03-21 12:52:36] 作者ID: 2
[2025-03-21 12:52:36] 原始内容长度: 3583
[2025-03-21 12:52:36] HTML内容长度: 3812
[2025-03-21 12:52:36] TOC格式正确，包含 2 个条目
[2025-03-21 12:52:36] 检查文章对象属性...
[2025-03-21 12:52:36] 属性 approved_comments_count: 0
[2025-03-21 12:52:36] 属性 author: <User test>
[2025-03-21 12:52:36] 属性 author_id: 2
[2025-03-21 12:52:36] 属性 can_comment: True
[2025-03-21 12:52:36] 属性 category: <Category test02>
[2025-03-21 12:52:36] 属性 category_id: 2
[2025-03-21 12:52:36] 属性 comments: <sqlalchemy.orm.dynamic.AppenderQuery object at 0x7bed0bb43140>
[2025-03-21 12:52:36] 属性 content: '**项目概述\r\n近年来，随着企业对软件开发效率和质量要求的不断提升，DevOps实践已经成为现代软件开发流程中不可或缺的一部分。与此同时，人工智能（AI）的迅猛发展为DevOps工具注入了新的活力。通过将AI技术融入DevOps流程，不仅能够大幅度优化资源利用，还可以显著提高开发效率，减少人工操作中的错误概率。本项目旨在设计并开发一款基于AI的DevOps助手，为开发团队提供智能化支持，帮助团队应对日益复杂的开发和运维挑战。\r\n现代企业在软件开发与运维过程中常常面临诸多难题，如任务协调效率低下、代码质量管理困难以及系统监控复杂性高等问题。针对这些痛点，本项目将以AI技术为核心驱动力，开发出一款智能化助手，实现部分常规任务的自动化处理，同时提供多层次、全方位的支持，助力团队在提高生产效率的同时降低运营成本。基于模块化设计理念，本系统能够灵活适应不同企业的多样化需求，无论是资源有限的小型开发团队，还是具有复杂业务场景的大型企业，系统都能通过定制化配置满足用户需求。此外，系统还将支持定制化扩展，以适应未来技术和业务发展的需要。通过对企业需求的持续跟踪和分析，本项目计划开发一套具有前瞻性的解决方案，不仅在当前帮助企业降本增效，还能在未来助力其数字化转型。通过对AI技术与DevOps实际应用场景的深度结合，本项目还计划探索更多创新功能。例如，在任务分配与监控方面引入自然语言处理技术，使用户可以通过语音或文本指令与系统交互，大幅提升操作效率。\r\n随着技术的进一步发展，本系统还将结合机器学习算法，不断改进模型性能，为企业提供更加精准的预测和建议。这种动态优化能力能够帮助企业在快速变化的技术环境中保持竞争力，从而使系统成为开发与运维工作的可靠伙伴。\r\n**\r\n项目目标\r\n**通过对实际需求的深入分析，本项目设立了以下主要目标：\r\n实现任务管理功能，支持团队任务的创建、分配和优先级调整，提升协作效率。\r\n开发智能日志监控与分析模块，提供异常检测、趋势分析和日志可视化功能。\r\n构建代码质量优化工具，通过静态分析和优化建议提高代码规范性与安全性。\r\n支持构建与部署功能，简化CI/CD流程，提升代码交付速度和部署稳定性。\r\n优化用户界面，通过友好的设计和交互降低使用门槛，增强用户体验。\r\n提供智能化决策支持，基于AI算法为团队提供数据驱动的优化建议。\r\n确保系统具有灵活的扩展能力，以满足企业不断变化的业务需求。\r\n符合行业安全与合规标准，确保系统的可靠性和数据保护能力。\r\n实现多平台适配功能，支持不同操作系统和设备类型的无缝运行。\r\n**\r\n系统功能需求\r\n任务管理模块\r\n任务管理模块是团队协作的核心，其主要功能包括：任务创建与分配、优先级设置、任务跟踪与提醒、历史任务归档和AI推荐分配功能。通过提供这些功能，团队能够更加高效地管理任务并减少沟通成本。系统设计将着重提升任务管理的透明度，使得团队成员可以直观了解自身职责和当前任务的优先级。此外，模块还将支持跨部门任务的共享视图，确保多团队协作的顺畅性。为进一步提升管理效率，系统计划提供任务分析报告，展示团队在过去一段时间内的任务完成率、资源使用情况和整体工作效率。这些报告将成为管理层优化资源分配和制定绩效评估的有效工具。\r\n为提高任务分配的科学性，系统将基于团队成员的技能数据和当前工作负载，通过AI算法计算出最优任务分配方案。这种智能化的功能不仅能减轻管理者的工作量，还能提升团队整体效率和士气。\r\n日志监控模块\r\n日志监控模块通过实时捕获和分析系统运行日志，为企业系统运行保驾护航。其主要功能包括日志过滤与查询、异常趋势分析、日志可视化、跨平台日志整合和日志存储优化。结合AI技术，系统能够快速定位问题并预测潜在风险。系统还将通过引入日志关联分析功能，将日志信息与系统性能指标关联，以便更加全面地诊断潜在问题。此外，模块计划新增日志异常自动分级功能，按影响范围和严重性对日志异常进行排序，帮助团队优先处理高影响问题。此功能将显著降低服务中断风险，提升系统稳定性。\r\n此外，为了满足多场景需求，日志监控模块还将提供定制化的报警功能。用户可以根据业务需求设置不同的报警条件，确保问题能够在第一时间被发现和处理。这种灵活的设计能够适应各类复杂系统的实际运维需求。\r\n代码质量优化模块\r\n高质量的代码是软件项目成功的基础。系统通过静态代码分析、优化建议生成、安全漏洞检测和代码规范检查功能，帮助团队提高代码质量，减少漏洞与缺陷的发生率。为了更全面地提升代码质量，模块将支持代码健康指数评分功能。系统将综合考虑代码的复杂度、可读性和安全性，为代码提供直观的评分，帮助开发者快速识别问题代码段并制定优化计划。通过这一功能，团队能够在开发初期就发现并解决潜在问题，确保代码质量达到预期标准。\r\n在代码优化的基础上，系统还计划引入跨版本代码比较工具，帮助开发者快速识别不同版本之间的关键改动。这一功能将显著提升代码审查效率，同时确保改动的正确性和合理性。\r\n构建与部署模块\r\n系统的构建与部署模块旨在通过自动化工具简化复杂的CI/CD流程。模块支持一键构建与部署、多环境兼容、部署日志记录和容器化管理等功能。系统还计划引入蓝绿部署和滚动更新策略，确保在不中断服务的情况下完成新版本的部署。此外，模块将提供自动回滚功能，当部署失败时能够快速恢复到稳定版本，减少对业务连续性的影响。为进一步提升用户体验，模块将配备部署状态可视化工具，帮助用户实时监控部署进展，快速定位问题。\r\n为了满足企业对快速上线的需求，系统将通过优化资源调度算法，进一步缩短构建与部署的时间。这种高效的流程将为企业带来更大的竞争优势。\r\n用户界面优化模块\r\n为了提升系统的易用性，用户界面优化模块将着力提供清晰直观的界面设计、多语言支持和移动端兼容性功能。通过集成交互式教程和快捷操作指南，系统将帮助用户快速上手并高效完成操作。同时，系统将支持界面定制功能，允许用户根据实际需求调整界面布局和功能展示。\r\n智能助手模块\r\n系统计划新增智能助手模块，利用自然语言处理技术实现人机交互。用户可通过语音或文本直接与系统进行交互，从而实现任务分配、问题排查和功能推荐。模块还将采用学习型算法，根据用户行为数据优化建议与功能设置，为用户提供更加个性化的体验。\r\n为进一步提升交互效率，智能助手模块将支持多轮对话功能，使用户能够与系统进行更自然、连续的沟通。这一功能将显著提升用户满意度，并进一步降低系统的学习门槛。\r\n非功能需求\r\n为了确保系统的高效性与可靠性，项目还制定了以下非功能性需求：\r\n性能目标：系统核心功能的响应时间应控制在1秒以内，支持每日处理150GB以上的数据量，并在1000个并发用户的情况下保持稳定运行。\r\n安全目标：系统需支持双因素认证和AES加密技术，同时进行定期渗透测试以发现并修复潜在漏洞。\r\n可扩展性目标：系统采用模块化设计，并提供RESTful API支持，能够根据用户需求快速调整配置和增加功能。\r\n技术架构\r\n项目将采用以下技术架构：\r\n前端技术：基于Vue.js开发响应式界面，为用户提供直观的操作体验。\r\n后端技术：采用Python和FastAPI框架，确保高效的服务响应能力。\r\n数据库：使用MongoDB存储任务、日志和用户数据，保障数据的可靠性和可扩展性。\r\n日志分析：集成AI驱动的日志分析模块，实现实时异常检测和趋势预测。\r\n容器化技术：通过Docker和Kubernetes实现资源调度与应用管理。\r\n消息队列：引入RabbitMQ以支持任务异步处理，提升系统并发能力。\r\n项目实施计划\r\n项目实施计划包括需求分析、系统设计、开发与测试、部署与优化等关键阶段。首先，通过全面的需求调研明确系统功能需求与性能目标；随后，完成详细的架构设计与界面原型开发。在开发阶段，团队将采用迭代开发模式，优先实现任务管理、日志监控等核心功能模块。在测试阶段，将进行全面的单元测试、性能测试和安全测试，以确保系统满足预期需求。在系统上线后，项目团队将根据用户反馈不断优化功能和性能，同时提供长期的维护与技术支持。\r\n为保证项目进度和质量，实施过程中将严格执行阶段性评估机制。通过对关键里程碑的定期评审，确保项目目标的达成，同时根据实际情况进行必要的调整。\r\n\r\n总结\r\n通过AI技术与DevOps实践的结合，本项目将为企业开发与运维团队提供一套智能化、高效且易用的解决方案。系统以模块化设计为核心，兼顾扩展性和适配性，能够满足不同企业的多样化需求。通过简化流程、提升效率和优化资源配置，系统将显著降低企业运营成本，为企\r\n\r\n**\r\n\r\n\r\n# article-test04\r\n# article-test05'
[2025-03-21 12:52:36] 属性 created_at: datetime.datetime(2025, 3, 18, 7, 43, 27)
[2025-03-21 12:52:36] 属性 highlight_css: None
[2025-03-21 12:52:36] 属性 html_content: '<p><strong>项目概述<br>\n近年来，随着企业对软件开发效率和质量要求的不断提升，DevOps实践已经成为现代软件开发流程中不可或缺的一部分。与此同时，人工智能（AI）的迅猛发展为DevOps工具注入了新的活力。通过将AI技术融入DevOps流程，不仅能够大幅度优化资源利用，还可以显著提高开发效率，减少人工操作中的错误概率。本项目旨在设计并开发一款基于AI的DevOps助手，为开发团队提供智能化支持，帮助团队应对日益复杂的开发和运维挑战。<br>\n现代企业在软件开发与运维过程中常常面临诸多难题，如任务协调效率低下、代码质量管理困难以及系统监控复杂性高等问题。针对这些痛点，本项目将以AI技术为核心驱动力，开发出一款智能化助手，实现部分常规任务的自动化处理，同时提供多层次、全方位的支持，助力团队在提高生产效率的同时降低运营成本。基于模块化设计理念，本系统能够灵活适应不同企业的多样化需求，无论是资源有限的小型开发团队，还是具有复杂业务场景的大型企业，系统都能通过定制化配置满足用户需求。此外，系统还将支持定制化扩展，以适应未来技术和业务发展的需要。通过对企业需求的持续跟踪和分析，本项目计划开发一套具有前瞻性的解决方案，不仅在当前帮助企业降本增效，还能在未来助力其数字化转型。通过对AI技术与DevOps实际应用场景的深度结合，本项目还计划探索更多创新功能。例如，在任务分配与监控方面引入自然语言处理技术，使用户可以通过语音或文本指令与系统交互，大幅提升操作效率。<br>\n随着技术的进一步发展，本系统还将结合机器学习算法，不断改进模型性能，为企业提供更加精准的预测和建议。这种动态优化能力能够帮助企业在快速变化的技术环境中保持竞争力，从而使系统成为开发与运维工作的可靠伙伴。<br>\n**<br>\n项目目标<br>\n</strong>通过对实际需求的深入分析，本项目设立了以下主要目标：<br>\n实现任务管理功能，支持团队任务的创建、分配和优先级调整，提升协作效率。<br>\n开发智能日志监控与分析模块，提供异常检测、趋势分析和日志可视化功能。<br>\n构建代码质量优化工具，通过静态分析和优化建议提高代码规范性与安全性。<br>\n支持构建与部署功能，简化CI/CD流程，提升代码交付速度和部署稳定性。<br>\n优化用户界面，通过友好的设计和交互降低使用门槛，增强用户体验。<br>\n提供智能化决策支持，基于AI算法为团队提供数据驱动的优化建议。<br>\n确保系统具有灵活的扩展能力，以满足企业不断变化的业务需求。<br>\n符合行业安全与合规标准，确保系统的可靠性和数据保护能力。<br>\n实现多平台适配功能，支持不同操作系统和设备类型的无缝运行。<br>\n**<br>\n系统功能需求<br>\n任务管理模块<br>\n任务管理模块是团队协作的核心，其主要功能包括：任务创建与分配、优先级设置、任务跟踪与提醒、历史任务归档和AI推荐分配功能。通过提供这些功能，团队能够更加高效地管理任务并减少沟通成本。系统设计将着重提升任务管理的透明度，使得团队成员可以直观了解自身职责和当前任务的优先级。此外，模块还将支持跨部门任务的共享视图，确保多团队协作的顺畅性。为进一步提升管理效率，系统计划提供任务分析报告，展示团队在过去一段时间内的任务完成率、资源使用情况和整体工作效率。这些报告将成为管理层优化资源分配和制定绩效评估的有效工具。<br>\n为提高任务分配的科学性，系统将基于团队成员的技能数据和当前工作负载，通过AI算法计算出最优任务分配方案。这种智能化的功能不仅能减轻管理者的工作量，还能提升团队整体效率和士气。<br>\n日志监控模块<br>\n日志监控模块通过实时捕获和分析系统运行日志，为企业系统运行保驾护航。其主要功能包括日志过滤与查询、异常趋势分析、日志可视化、跨平台日志整合和日志存储优化。结合AI技术，系统能够快速定位问题并预测潜在风险。系统还将通过引入日志关联分析功能，将日志信息与系统性能指标关联，以便更加全面地诊断潜在问题。此外，模块计划新增日志异常自动分级功能，按影响范围和严重性对日志异常进行排序，帮助团队优先处理高影响问题。此功能将显著降低服务中断风险，提升系统稳定性。<br>\n此外，为了满足多场景需求，日志监控模块还将提供定制化的报警功能。用户可以根据业务需求设置不同的报警条件，确保问题能够在第一时间被发现和处理。这种灵活的设计能够适应各类复杂系统的实际运维需求。<br>\n代码质量优化模块<br>\n高质量的代码是软件项目成功的基础。系统通过静态代码分析、优化建议生成、安全漏洞检测和代码规范检查功能，帮助团队提高代码质量，减少漏洞与缺陷的发生率。为了更全面地提升代码质量，模块将支持代码健康指数评分功能。系统将综合考虑代码的复杂度、可读性和安全性，为代码提供直观的评分，帮助开发者快速识别问题代码段并制定优化计划。通过这一功能，团队能够在开发初期就发现并解决潜在问题，确保代码质量达到预期标准。<br>\n在代码优化的基础上，系统还计划引入跨版本代码比较工具，帮助开发者快速识别不同版本之间的关键改动。这一功能将显著提升代码审查效率，同时确保改动的正确性和合理性。<br>\n构建与部署模块<br>\n系统的构建与部署模块旨在通过自动化工具简化复杂的CI/CD流程。模块支持一键构建与部署、多环境兼容、部署日志记录和容器化管理等功能。系统还计划引入蓝绿部署和滚动更新策略，确保在不中断服务的情况下完成新版本的部署。此外，模块将提供自动回滚功能，当部署失败时能够快速恢复到稳定版本，减少对业务连续性的影响。为进一步提升用户体验，模块将配备部署状态可视化工具，帮助用户实时监控部署进展，快速定位问题。<br>\n为了满足企业对快速上线的需求，系统将通过优化资源调度算法，进一步缩短构建与部署的时间。这种高效的流程将为企业带来更大的竞争优势。<br>\n用户界面优化模块<br>\n为了提升系统的易用性，用户界面优化模块将着力提供清晰直观的界面设计、多语言支持和移动端兼容性功能。通过集成交互式教程和快捷操作指南，系统将帮助用户快速上手并高效完成操作。同时，系统将支持界面定制功能，允许用户根据实际需求调整界面布局和功能展示。<br>\n智能助手模块<br>\n系统计划新增智能助手模块，利用自然语言处理技术实现人机交互。用户可通过语音或文本直接与系统进行交互，从而实现任务分配、问题排查和功能推荐。模块还将采用学习型算法，根据用户行为数据优化建议与功能设置，为用户提供更加个性化的体验。<br>\n为进一步提升交互效率，智能助手模块将支持多轮对话功能，使用户能够与系统进行更自然、连续的沟通。这一功能将显著提升用户满意度，并进一步降低系统的学习门槛。<br>\n非功能需求<br>\n为了确保系统的高效性与可靠性，项目还制定了以下非功能性需求：<br>\n性能目标：系统核心功能的响应时间应控制在1秒以内，支持每日处理150GB以上的数据量，并在1000个并发用户的情况下保持稳定运行。<br>\n安全目标：系统需支持双因素认证和AES加密技术，同时进行定期渗透测试以发现并修复潜在漏洞。<br>\n可扩展性目标：系统采用模块化设计，并提供RESTful API支持，能够根据用户需求快速调整配置和增加功能。<br>\n技术架构<br>\n项目将采用以下技术架构：<br>\n前端技术：基于Vue.js开发响应式界面，为用户提供直观的操作体验。<br>\n后端技术：采用Python和FastAPI框架，确保高效的服务响应能力。<br>\n数据库：使用MongoDB存储任务、日志和用户数据，保障数据的可靠性和可扩展性。<br>\n日志分析：集成AI驱动的日志分析模块，实现实时异常检测和趋势预测。<br>\n容器化技术：通过Docker和Kubernetes实现资源调度与应用管理。<br>\n消息队列：引入RabbitMQ以支持任务异步处理，提升系统并发能力。<br>\n项目实施计划<br>\n项目实施计划包括需求分析、系统设计、开发与测试、部署与优化等关键阶段。首先，通过全面的需求调研明确系统功能需求与性能目标；随后，完成详细的架构设计与界面原型开发。在开发阶段，团队将采用迭代开发模式，优先实现任务管理、日志监控等核心功能模块。在测试阶段，将进行全面的单元测试、性能测试和安全测试，以确保系统满足预期需求。在系统上线后，项目团队将根据用户反馈不断优化功能和性能，同时提供长期的维护与技术支持。<br>\n为保证项目进度和质量，实施过程中将严格执行阶段性评估机制。通过对关键里程碑的定期评审，确保项目目标的达成，同时根据实际情况进行必要的调整。</p>\n<p>总结<br>\n通过AI技术与DevOps实践的结合，本项目将为企业开发与运维团队提供一套智能化、高效且易用的解决方案。系统以模块化设计为核心，兼顾扩展性和适配性，能够满足不同企业的多样化需求。通过简化流程、提升效率和优化资源配置，系统将显著降低企业运营成本，为企</p>\n<p>**</p>\n<h1 id="article-test04">article-test04</h1>\n<h1 id="article-test05">article-test05</h1>'
[2025-03-21 12:52:36] 属性 id: 4
[2025-03-21 12:52:36] 属性 is_archived: False
[2025-03-21 12:52:36] 属性 is_private: False
[2025-03-21 12:52:36] 属性 is_published: True
[2025-03-21 12:52:36] 属性 is_sticky: True
[2025-03-21 12:52:36] 属性 published: True
[2025-03-21 12:52:36] 属性 registry: <sqlalchemy.orm.decl_api.registry object at 0x7bed0d3cd700>
[2025-03-21 12:52:36] 属性 status: <PostStatus.PUBLISHED: 'PUBLISHED'>
[2025-03-21 12:52:36] 属性 summary: ''
[2025-03-21 12:52:36] 属性 tags: []
[2025-03-21 12:52:36] 属性 title: '基于AI的DevOps助手的设计与开发需求说明书'
[2025-03-21 12:52:36] 属性 toc: [{'id': 'article-test04', 'text': 'article-test04', 'level': 1}, {'id': 'article-test05', 'text': 'article-test05', 'level': 1}]
[2025-03-21 12:52:36] 属性 total_comments_count: 0
[2025-03-21 12:52:36] 属性 updated_at: datetime.datetime(2025, 3, 21, 4, 51, 52, 924114)
[2025-03-21 12:52:36] 属性 view_count: 184
[2025-03-21 12:52:36] 重新渲染HTML内容...
[2025-03-21 12:52:36] HTML内容渲染成功
[2025-03-21 12:52:36] 已保存文章修改
[2025-03-21 12:52:36] 检查视图函数的问题...
[2025-03-21 12:52:36] 成功导入post_detail视图函数
[2025-03-21 12:52:36] post_detail函数源码:
[2025-03-21 12:52:36] @blog.route('/post/<int:post_id>')
def post_detail(post_id):
    """文章详情页"""
    post = Post.query.get_or_404(post_id)
    
    # 如果文章不是已发布状态，只有作者或管理员可以查看
    if post.status != PostStatus.PUBLISHED and (not current_user.is_authenticated or 
                                              (current_user.id != post.author_id and not current_user.is_admin)):
        abort(404)
    
    # 如果文章是私有的，只有作者或管理员可以查看
    if post.is_private and (not current_user.is_authenticated or 
                           (current_user.id != post.author_id and not current_user.is_admin)):
        abort(404)
    
    # 确保html_content字段被正确设置
    if not post.html_content and post.content:
        post.update_html_content()
        db.session.commit()
    
    # 增加浏览量
    post.view_count += 1
    db.session.commit()
    
    # 获取评论
    comments = Comment.query.filter_by(post_id=post_id, status=1).order_by(Comment.created_at.desc()).all()
    
    # 创建评论表单
    form = CommentForm()
    
    # 相关文章
    related_posts = Post.query.filter(
        Post.id != post_id,
        Post.status == PostStatus.PUBLISHED
    ).order_by(func.random()).limit(3).all()
    
    # 上一篇文章
    prev_post = Post.query.filter(
        Post.id < post_id,
        Post.status == PostStatus.PUBLISHED
    ).order_by(Post.id.desc()).first()
    
    # 下一篇文章
    next_post = Post.query.filter(
        Post.id > post_id,
        Post.status == PostStatus.PUBLISHED
    ).order_by(Post.id.asc()).first()
    
    # ===== 添加侧边栏数据 =====
    # 获取分类列表
    categories = Category.query.order_by(Category.name).all()
    
    # 获取标签列表
    tags = Tag.query.order_by(Tag.name).all()
    
    # 获取最新评论
    recent_comments = Comment.query.filter_by(status=1).order_by(Comment.created_at.desc()).limit(5).all()
    
    # 获取最新文章
    recent_posts = Post.query.filter_by(status=PostStatus.PUBLISHED).order_by(Post.created_at.desc()).limit(5).all()
    
    # 获取分类文章数量
    category_post_counts = {}
    for category in categories:
        category_post_counts[category.id] = Post.query.filter_by(category_id=category.id, status=PostStatus.PUBLISHED).count()
    
    # 获取标签文章数量
    tag_post_counts = {}
    for tag in tags:
        # 只计算已发布文章的数量
        published_posts = [post for post in tag.posts if post.status == PostStatus.PUBLISHED]
        tag_post_counts[tag.id] = len(published_posts)
    
    # 添加文章版本信息，用于调试
    version_info = {
        'content_length': len(post.content or ''),
        'html_length': len(post.html_content or ''),
        'updated_at': post.updated_at.strftime('%Y-%m-%d %H:%M:%S') if post.updated_at else 'N/A',
        'timestamp': datetime.datetime.now().strftime('%Y-%m-%d %H:%M:%S')
    }
    
    return render_template('blog/post_detail.html',
                          title=post.title,
                          post=post,
                          comments=comments,
                          form=form,
                          related_posts=related_posts,
                          prev_post=prev_post,
                          next_post=next_post,
                          allow_comments=True,
                          # 添加侧边栏数据
                          categories=categories,
                          tags=tags,
                          recent_comments=recent_comments,
                          recent_posts=recent_posts,
                          category_post_counts=category_post_counts,
                          tag_post_counts=tag_post_counts,
                          version_info=version_info)  # 添加版本信息

[2025-03-21 12:52:36] 发现version_info代码，可能存在日期格式问题
[2025-03-21 12:52:36] 发现datetime和strftime代码，可能存在日期格式问题
[2025-03-21 12:52:36] 模板文件存在: /data/myblog/app/templates/blog/post_detail.html
[2025-03-21 12:52:36] 模板文件长度: 8370
[2025-03-21 12:52:36] 修复脚本执行完成，请查看日志以获取详细信息
