[2025-03-19 15:09:57 +0800] [345010] [INFO] Starting gunicorn 21.2.0
[2025-03-19 15:09:57 +0800] [345010] [INFO] Listening at: http://0.0.0.0:5000 (345010)
[2025-03-19 15:09:57 +0800] [345010] [INFO] Using worker: sync
[2025-03-19 15:09:57 +0800] [345011] [INFO] Booting worker with pid: 345011
/data/myblog/venv/lib/python3.12/site-packages/flask_limiter/extension.py:330: UserWarning: Using the in-memory storage for tracking rate limits as no storage was explicitly specified. This is not recommended for production use. See: https://flask-limiter.readthedocs.io#configuring-a-storage-backend for documentation about configuring the storage backend.
  warnings.warn(
[2025-03-19 15:09:58 +0800] [345011] [ERROR] Exception in worker process
Traceback (most recent call last):
  File "/data/myblog/venv/lib/python3.12/site-packages/gunicorn/arbiter.py", line 609, in spawn_worker
    worker.init_process()
  File "/data/myblog/venv/lib/python3.12/site-packages/gunicorn/workers/base.py", line 134, in init_process
    self.load_wsgi()
  File "/data/myblog/venv/lib/python3.12/site-packages/gunicorn/workers/base.py", line 146, in load_wsgi
    self.wsgi = self.app.wsgi()
                ^^^^^^^^^^^^^^^
  File "/data/myblog/venv/lib/python3.12/site-packages/gunicorn/app/base.py", line 67, in wsgi
    self.callable = self.load()
                    ^^^^^^^^^^^
  File "/data/myblog/venv/lib/python3.12/site-packages/gunicorn/app/wsgiapp.py", line 58, in load
    return self.load_wsgiapp()
           ^^^^^^^^^^^^^^^^^^^
  File "/data/myblog/venv/lib/python3.12/site-packages/gunicorn/app/wsgiapp.py", line 48, in load_wsgiapp
    return util.import_app(self.app_uri)
           ^^^^^^^^^^^^^^^^^^^^^^^^^^^^^
  File "/data/myblog/venv/lib/python3.12/site-packages/gunicorn/util.py", line 371, in import_app
    mod = importlib.import_module(module)
          ^^^^^^^^^^^^^^^^^^^^^^^^^^^^^^^
  File "/usr/lib/python3.12/importlib/__init__.py", line 90, in import_module
    return _bootstrap._gcd_import(name[level:], package, level)
           ^^^^^^^^^^^^^^^^^^^^^^^^^^^^^^^^^^^^^^^^^^^^^^^^^^^^
  File "<frozen importlib._bootstrap>", line 1387, in _gcd_import
  File "<frozen importlib._bootstrap>", line 1360, in _find_and_load
  File "<frozen importlib._bootstrap>", line 1331, in _find_and_load_unlocked
  File "<frozen importlib._bootstrap>", line 935, in _load_unlocked
  File "<frozen importlib._bootstrap_external>", line 995, in exec_module
  File "<frozen importlib._bootstrap>", line 488, in _call_with_frames_removed
  File "/data/myblog/wsgi.py", line 32, in <module>
    app = create_app()
          ^^^^^^^^^^^^
  File "/data/myblog/app/__init__.py", line 83, in create_app
    from app.cli import register_commands
  File "/data/myblog/app/cli.py", line 11, in <module>
    from app.models.user import User, Role
ImportError: cannot import name 'Role' from 'app.models.user' (/data/myblog/app/models/user.py)
[2025-03-19 15:09:58 +0800] [345011] [INFO] Worker exiting (pid: 345011)
[2025-03-19 15:09:58 +0800] [345010] [ERROR] Worker (pid:345011) exited with code 3
[2025-03-19 15:09:58 +0800] [345010] [ERROR] Shutting down: Master
[2025-03-19 15:09:58 +0800] [345010] [ERROR] Reason: Worker failed to boot.
